Name                          Stmts   Miss  Cover   Missing
-----------------------------------------------------------
forgetrace/__init__.py            2      0   100%
forgetrace/app.py               252    155    38%   35, 43-44, 48-49, 55-56, 109-110, 112, 127-128, 170-237, 241-242, 246, 250-257, 261-269, 273-301, 305-314, 318-329, 333-338, 342-366, 377
forgetrace/collaboration.py     498     96    81%   196, 198, 217, 238, 244, 246, 248, 255, 286-287, 289, 291, 294, 296, 351, 355-357, 366-374, 407, 427, 436-438, 466, 572, 583, 596, 603, 672-694, 700, 716-728, 736, 760, 766, 774-775, 799, 805, 838, 840, 888-896, 905-911, 918-923, 932-935
forgetrace/constants.py           8      0   100%
forgetrace/errors.py              9      0   100%
forgetrace/forking.py           177     52    71%   38, 41, 45, 47, 88, 90-103, 108, 110, 127-128, 130, 143, 151-167, 180, 199, 207, 210, 213, 222, 224-225, 236-237, 248-255
forgetrace/importing.py         280     52    81%   85-95, 109, 112, 115, 120, 122, 135, 151-152, 166-167, 169-170, 182, 191, 215, 222, 226-227, 229, 241, 280-281, 289, 301-302, 341, 353-354, 363-364, 377-378, 402-404, 420-432
forgetrace/jobs.py              141     19    87%   28-29, 79-80, 83, 99, 115-116, 129, 133, 153-159, 180, 187
forgetrace/locks.py              89     11    88%   36-39, 56, 59-62, 98-100, 105
forgetrace/native_picker.py      54      7    87%   25, 36, 39, 53, 62, 78, 87
forgetrace/policies.py           22      1    95%   24
forgetrace/registry.py          939    235    75%   172-173, 217, 219, 243-244, 247, 260, 278-279, 360-362, 364-365, 368, 372-373, 381, 383-384, 416-417, 420, 435, 437, 463-464, 474, 520, 537-539, 547-561, 578, 619-622, 624, 630-641, 661, 699-707, 724, 732-733, 738, 743, 766, 789-791, 817-849, 864, 866, 869, 874, 912, 925, 951, 953, 964-965, 979, 984, 991-992, 1002, 1012, 1023-1024, 1034, 1051-1058, 1081-1082, 1085, 1094, 1108, 1133, 1138, 1147, 1157, 1181, 1184-1187, 1213, 1218, 1227, 1233, 1244-1245, 1258-1259, 1263-1264, 1267-1270, 1274-1280, 1284-1297, 1332-1353, 1383-1384, 1390-1391, 1423, 1430, 1445-1455, 1459-1465, 1469-1470, 1483-1484, 1488-1489, 1505-1506, 1509, 1526-1527, 1534, 1537-1538, 1541, 1543, 1556, 1558-1562, 1567-1572, 1588-1589, 1596, 1600-1601, 1608-1615, 1619, 1621-1650, 1659
forgetrace/repository.py        905    177    80%   86-87, 105-114, 139-143, 146-147, 162, 182-183, 235-237, 248, 255, 258, 290-293, 328, 336-337, 344, 347-348, 350, 354-355, 417-418, 467, 474, 484, 493, 569, 601-602, 604-605, 615, 644-646, 649-672, 680, 692-698, 715-717, 723-726, 762-792, 795-830, 856, 870, 913, 980, 984-986, 989, 996, 998, 1005, 1019-1020, 1057-1060, 1065, 1085-1087, 1101-1102, 1112, 1128-1129, 1133, 1144-1150, 1166-1167, 1175-1176, 1215-1217, 1224, 1284, 1287, 1299-1300, 1331, 1336-1338
forgetrace/transactions.py      111     19    83%   62, 88, 90, 101-106, 125, 131-134, 139-141, 147, 151, 155
forgetrace/utils.py              29     11    62%   17-26, 32
forgetrace/web.py               801    222    72%   39, 109-110, 112, 115-116, 124, 131-132, 134, 154, 160-162, 167, 170-171, 173, 198-199, 206, 214, 235, 261-263, 284, 303, 307, 310-313, 351, 380-381, 389, 428-430, 456-465, 473-474, 480-482, 485, 496-498, 504-505, 521-526, 530-542, 548, 552, 557-562, 569, 571, 573, 575, 577, 588-589, 602-608, 648-650, 684-686, 696-703, 709-716, 718-726, 730, 740, 772-773, 780, 814-815, 826-830, 851-852, 859-863, 870-872, 878-892, 906-907, 923-924, 930-931, 933-934, 943-944, 959, 964, 966, 970-1025, 1042-1044, 1065-1072, 1076-1079, 1083, 1092-1093, 1112-1113, 1116-1117, 1122-1123, 1125-1154, 1170, 1172, 1180, 1223, 1230
-----------------------------------------------------------
TOTAL                          4317   1057    76%
